<?xml version="1.0" encoding="UTF-8"?>
<!-- Generated by org.testng.reporters.JUnitXMLReporter -->
<testsuite hostname="DESKTOP-MD6G5O7" ignored="0" name="Test" tests="3" failures="0" timestamp="2020-03-30T22:54:22 IST" time="194.902" errors="0">
  <testcase name="loginToWordpress" time="128.236" classname="cts.miniproject.test.DdExcelWordpressLogin"/>
  <testcase name="loginToWordpress" time="19.409" classname="cts.miniproject.test.DdExcelWordpressLogin"/>
  <testcase name="loginToWordpress" time="43.884" classname="cts.miniproject.test.DdExcelWordpressLogin"/>
</testsuite> <!-- Test -->
