<?xml version="1.0" encoding="UTF-8"?>
<!-- Generated by org.testng.reporters.JUnitXMLReporter -->
<testsuite hostname="DESKTOP-MD6G5O7" ignored="0" name="Test" tests="3" failures="0" timestamp="2020-03-30T21:15:39 IST" time="101.182" errors="0">
  <testcase name="loginToWordpress" time="42.377" classname="cts.miniproject.test.DdExcelWordpressLogin"/>
  <testcase name="loginToWordpress" time="18.454" classname="cts.miniproject.test.DdExcelWordpressLogin"/>
  <testcase name="loginToWordpress" time="36.053" classname="cts.miniproject.test.DdExcelWordpressLogin"/>
</testsuite> <!-- Test -->
